Arguments: 
  /Users/liuyao/.nvm/versions/node/v16.10.0/bin/node /Users/liuyao/.nvm/versions/node/v16.10.0/bin/yarn init

PATH: 
  /Users/liuyao/Library/pnpm:/usr/local/bin:/usr/bin:/bin:/usr/sbin:/sbin:/Users/liuyao/Library/pnpm:/Users/liuyao/.nvm/versions/node/v16.10.0/bin

Yarn version: 
  1.22.17

Node version: 
  16.10.0

Platform: 
  darwin x64

Trace: 
  Error: canceled
      at Interface.<anonymous> (/Users/liuyao/.nvm/versions/node/v16.10.0/lib/node_modules/yarn/lib/cli.js:137143:13)
      at Interface.emit (node:events:390:28)
      at Interface._ttyWrite (node:readline:1081:16)
      at ReadStream.onkeypress (node:readline:288:10)
      at ReadStream.emit (node:events:390:28)
      at emitKeys (node:internal/readline/utils:358:14)
      at emitKeys.next (<anonymous>)
      at ReadStream.onData (node:internal/readline/emitKeypressEvents:61:36)
      at ReadStream.emit (node:events:390:28)
      at addChunk (node:internal/streams/readable:315:12)

npm manifest: 
  {
    "name": "js_library_demo",
    "version": "1.0.0",
    "main": "index.js",
    "repository": "git@github.com:shellingfordly/js-library-Demo.git",
    "license": "MIT",
    "scripts": {
      "git": "sh ./gitbash.sh"
    }
  }

yarn manifest: 
  No manifest

Lockfile: 
  No lockfile
